<?xml version="1.0" encoding="UTF-8"?>
<testsuite xmlns:xsi="http://www.w3.org/2001/XMLSchema-instance" xsi:noNamespaceSchemaLocation="https://maven.apache.org/surefire/maven-surefire-plugin/xsd/surefire-test-report.xsd" version="3.0.2" name="com.studentmicroservices.eurekaserver.EurekaServerApplicationTests" time="19.188" tests="1" errors="0" skipped="0" failures="0">
  <properties>
[...]
</properties>
  <testcase name="contextLoads" classname="com.studentmicroservices.eurekaserver.EurekaServerApplicationTests" time="1.183">
    <system-out><![CDATA[00:57:41.443 [main] DEBUG org.springframework.test.context.BootstrapUtils - Instantiating CacheAwareContextLoaderDelegate from class [org.springframework.test.context.cache.DefaultCacheAwareContextLoaderDelegate]
00:57:41.490 [main] DEBUG org.springframework.test.context.BootstrapUtils - Instantiating BootstrapContext using constructor [public org.springframework.test.context.support.DefaultBootstrapContext(java.lang.Class,org.springframework.test.context.CacheAwareContextLoaderDelegate)]
00:57:41.642 [main] DEBUG org.springframework.test.context.BootstrapUtils - Instantiating TestContextBootstrapper for test class [com.studentmicroservices.eurekaserver.EurekaServerApplicationTests] from class [org.springframework.boot.test.context.SpringBootTestContextBootstrapper]
00:57:41.686 [main] INFO org.springframework.boot.test.context.SpringBootTestContextBootstrapper - Neither @ContextConfiguration nor @ContextHierarchy found for test class [com.studentmicroservices.eurekaserver.EurekaServerApplicationTests], using SpringBootContextLoader
00:57:41.701 [main] DEBUG org.springframework.test.context.support.AbstractContextLoader - Did not detect default resource location for test class [com.studentmicroservices.eurekaserver.EurekaServerApplicationTests]: class path resource [com/studentmicroservices/eurekaserver/EurekaServerApplicationTests-context.xml] does not exist
00:57:41.702 [main] DEBUG org.springframework.test.context.support.AbstractContextLoader - Did not detect default resource location for test class [com.studentmicroservices.eurekaserver.EurekaServerApplicationTests]: class path resource [com/studentmicroservices/eurekaserver/EurekaServerApplicationTestsContext.groovy] does not exist
00:57:41.703 [main] INFO org.springframework.test.context.support.AbstractContextLoader - Could not detect default resource locations for test class [com.studentmicroservices.eurekaserver.EurekaServerApplicationTests]: no resource found for suffixes {-context.xml, Context.groovy}.
00:57:41.705 [main] INFO org.springframework.test.context.support.AnnotationConfigContextLoaderUtils - Could not detect default configuration classes for test class [com.studentmicroservices.eurekaserver.EurekaServerApplicationTests]: EurekaServerApplicationTests does not declare any static, non-private, non-final, nested classes annotated with @Configuration.
00:57:41.903 [main] DEBUG org.springframework.test.context.support.ActiveProfilesUtils - Could not find an 'annotation declaring class' for annotation type [org.springframework.test.context.ActiveProfiles] and class [com.studentmicroservices.eurekaserver.EurekaServerApplicationTests]
00:57:42.234 [main] DEBUG org.springframework.context.annotation.ClassPathScanningCandidateComponentProvider - Identified candidate component class: file [/Users/barrysalam/Desktop/student-microservices/eureka-server/target/classes/com/studentmicroservices/eurekaserver/EurekaServerApplication.class]
00:57:42.240 [main] INFO org.springframework.boot.test.context.SpringBootTestContextBootstrapper - Found @SpringBootConfiguration com.studentmicroservices.eurekaserver.EurekaServerApplication for test class com.studentmicroservices.eurekaserver.EurekaServerApplicationTests
00:57:42.765 [main] DEBUG org.springframework.boot.test.context.SpringBootTestContextBootstrapper - @TestExecutionListeners is not present for class [com.studentmicroservices.eurekaserver.EurekaServerApplicationTests]: using defaults.
00:57:42.766 [main] INFO org.springframework.boot.test.context.SpringBootTestContextBootstrapper - Loaded default TestExecutionListener class names from location [META-INF/spring.factories]: [org.springframework.boot.test.mock.mockito.MockitoTestExecutionListener, org.springframework.boot.test.mock.mockito.ResetMocksTestExecutionListener, org.springframework.boot.test.autoconfigure.restdocs.RestDocsTestExecutionListener, org.springframework.boot.test.autoconfigure.web.client.MockRestServiceServerResetTestExecutionListener, org.springframework.boot.test.autoconfigure.web.servlet.MockMvcPrintOnlyOnFailureTestExecutionListener, org.springframework.boot.test.autoconfigure.web.servlet.WebDriverTestExecutionListener, org.springframework.boot.test.autoconfigure.webservices.client.MockWebServiceServerTestExecutionListener, org.springframework.test.context.web.ServletTestExecutionListener, org.springframework.test.context.support.DirtiesContextBeforeModesTestExecutionListener, org.springframework.test.context.event.ApplicationEventsTestExecutionListener, org.springframework.test.context.support.DependencyInjectionTestExecutionListener, org.springframework.test.context.support.DirtiesContextTestExecutionListener, org.springframework.test.context.transaction.TransactionalTestExecutionListener, org.springframework.test.context.jdbc.SqlScriptsTestExecutionListener, org.springframework.test.context.event.EventPublishingTestExecutionListener]
00:57:42.800 [main] DEBUG org.springframework.boot.test.context.SpringBootTestContextBootstrapper - Skipping candidate TestExecutionListener [org.springframework.test.context.transaction.TransactionalTestExecutionListener] due to a missing dependency. Specify custom listener classes or make the default listener classes and their required dependencies available. Offending class: [org/springframework/transaction/TransactionDefinition]
00:57:42.801 [main] DEBUG org.springframework.boot.test.context.SpringBootTestContextBootstrapper - Skipping candidate TestExecutionListener [org.springframework.test.context.jdbc.SqlScriptsTestExecutionListener] due to a missing dependency. Specify custom listener classes or make the default listener classes and their required dependencies available. Offending class: [org/springframework/transaction/interceptor/TransactionAttribute]
00:57:42.803 [main] INFO org.springframework.boot.test.context.SpringBootTestContextBootstrapper - Using TestExecutionListeners: [org.springframework.test.context.web.ServletTestExecutionListener@277f7dd3, org.springframework.test.context.support.DirtiesContextBeforeModesTestExecutionListener@6c8bca63, org.springframework.test.context.event.ApplicationEventsTestExecutionListener@2364305a, org.springframework.boot.test.mock.mockito.MockitoTestExecutionListener@470a696f, org.springframework.boot.test.autoconfigure.SpringBootDependencyInjectionTestExecutionListener@1bc715b8, org.springframework.test.context.support.DirtiesContextTestExecutionListener@292d1c71, org.springframework.test.context.event.EventPublishingTestExecutionListener@2b491fee, org.springframework.boot.test.mock.mockito.ResetMocksTestExecutionListener@3f1c5af9, org.springframework.boot.test.autoconfigure.restdocs.RestDocsTestExecutionListener@1c55f277, org.springframework.boot.test.autoconfigure.web.client.MockRestServiceServerResetTestExecutionListener@5ddabb18, org.springframework.boot.test.autoconfigure.web.servlet.MockMvcPrintOnlyOnFailureTestExecutionListener@3e8f7922, org.springframework.boot.test.autoconfigure.web.servlet.WebDriverTestExecutionListener@63192798, org.springframework.boot.test.autoconfigure.webservices.client.MockWebServiceServerTestExecutionListener@50eca7c6]
00:57:42.814 [main] DEBUG org.springframework.test.context.support.AbstractDirtiesContextTestExecutionListener - Before test class: context [DefaultTestContext@71ae31b0 testClass = EurekaServerApplicationTests, testInstance = [null], testMethod = [null], testException = [null], mergedContextConfiguration = [WebMergedContextConfiguration@4ba534b0 testClass = EurekaServerApplicationTests, locations = '{}', classes = '{class com.studentmicroservices.eurekaserver.EurekaServerApplication}', contextInitializerClasses = '[]', activeProfiles = '{}', propertySourceLocations = '{}', propertySourceProperties = '{org.springframework.boot.test.context.SpringBootTestContextBootstrapper=true}', contextCustomizers = set[org.springframework.boot.test.context.filter.ExcludeFilterContextCustomizer@69f1a286, org.springframework.boot.test.json.DuplicateJsonObjectContextCustomizerFactory$DuplicateJsonObjectContextCustomizer@3f57bcad, org.springframework.boot.test.mock.mockito.MockitoContextCustomizer@0, org.springframework.boot.test.web.client.TestRestTemplateContextCustomizer@2e48362c, org.springframework.boot.test.autoconfigure.actuate.metrics.MetricsExportContextCustomizerFactory$DisableMetricExportContextCustomizer@39ac0c0a, org.springframework.boot.test.autoconfigure.properties.PropertyMappingContextCustomizer@0, org.springframework.boot.test.autoconfigure.web.servlet.WebDriverContextCustomizerFactory$Customizer@70f02c32, org.springframework.boot.test.context.SpringBootTestArgs@1, org.springframework.boot.test.context.SpringBootTestWebEnvironment@f6efaab], resourceBasePath = 'src/main/webapp', contextLoader = 'org.springframework.boot.test.context.SpringBootContextLoader', parent = [null]], attributes = map['org.springframework.test.context.web.ServletTestExecutionListener.activateListener' -> true]], class annotated with @DirtiesContext [false] with mode [null].

  .   ____          _            __ _ _
 /\\ / ___'_ __ _ _(_)_ __  __ _ \ \ \ \
( ( )\___ | '_ | '_| | '_ \/ _` | \ \ \ \
 \\/  ___)| |_)| | | | | || (_| |  ) ) ) )
  '  |____| .__|_| |_|_| |_\__, | / / / /
 =========|_|==============|___/=/_/_/_/
 :: Spring Boot ::               (v2.7.14)

2026-05-03 00:57:44.428  INFO 81322 --- [           main] c.s.e.EurekaServerApplicationTests       : Starting EurekaServerApplicationTests using Java 17.0.12 on MacBook-Pro-de-Barry.local with PID 81322 (started by barrysalam in /Users/barrysalam/Desktop/student-microservices/eureka-server)
2026-05-03 00:57:44.435  INFO 81322 --- [           main] c.s.e.EurekaServerApplicationTests       : No active profile set, falling back to 1 default profile: "default"
2026-05-03 00:57:48.254  INFO 81322 --- [           main] o.s.cloud.context.scope.GenericScope     : BeanFactory id=2dba3039-9858-3f68-ab54-94f0c725681f
2026-05-03 00:57:56.396  INFO 81322 --- [           main] DiscoveryClientOptionalArgsConfiguration : Eureka HTTP Client uses Jersey
2026-05-03 00:57:56.801  WARN 81322 --- [           main] iguration$LoadBalancerCaffeineWarnLogger : Spring Cloud LoadBalancer is currently working with the default cache. While this cache implementation is useful for development and tests, it's recommended to use Caffeine cache in production.You can switch to using Caffeine cache, by adding it and org.springframework.cache.caffeine.CaffeineCacheManager to the classpath.
2026-05-03 00:57:57.656  INFO 81322 --- [           main] o.s.c.n.eureka.InstanceInfoFactory       : Setting initial instance status as: STARTING
2026-05-03 00:57:57.746  INFO 81322 --- [           main] com.netflix.discovery.DiscoveryClient    : Initializing Eureka in region us-east-1
2026-05-03 00:57:57.749  INFO 81322 --- [           main] com.netflix.discovery.DiscoveryClient    : Client configured to neither register nor query for data.
2026-05-03 00:57:57.776  INFO 81322 --- [           main] com.netflix.discovery.DiscoveryClient    : Discovery Client initialized at timestamp 1777762677774 with initial instances count: 0
2026-05-03 00:57:57.903  INFO 81322 --- [           main] c.n.eureka.DefaultEurekaServerContext    : Initializing ...
2026-05-03 00:57:57.909  WARN 81322 --- [           main] c.n.eureka.cluster.PeerEurekaNodes       : The replica size seems to be empty. Check the route 53 DNS Registry
2026-05-03 00:57:58.066  INFO 81322 --- [           main] c.n.e.registry.AbstractInstanceRegistry  : Finished initializing remote region registries. All known remote regions: []
2026-05-03 00:57:58.072  INFO 81322 --- [           main] c.n.eureka.DefaultEurekaServerContext    : Initialized
2026-05-03 00:57:58.459  INFO 81322 --- [           main] o.s.b.a.e.web.EndpointLinksResolver      : Exposing 1 endpoint(s) beneath base path '/actuator'
2026-05-03 00:57:58.616  INFO 81322 --- [           main] o.s.c.n.e.s.EurekaServiceRegistry        : Registering application EUREKA-SERVER with eureka with status UP
2026-05-03 00:57:58.650  INFO 81322 --- [      Thread-10] o.s.c.n.e.server.EurekaServerBootstrap   : isAws returned false
2026-05-03 00:57:58.651  INFO 81322 --- [      Thread-10] o.s.c.n.e.server.EurekaServerBootstrap   : Initialized server context
2026-05-03 00:57:58.651  INFO 81322 --- [      Thread-10] c.n.e.r.PeerAwareInstanceRegistryImpl    : Got 1 instances from neighboring DS node
2026-05-03 00:57:58.652  INFO 81322 --- [      Thread-10] c.n.e.r.PeerAwareInstanceRegistryImpl    : Renew threshold is: 1
2026-05-03 00:57:58.653  INFO 81322 --- [      Thread-10] c.n.e.r.PeerAwareInstanceRegistryImpl    : Changing status to UP
2026-05-03 00:57:58.682  INFO 81322 --- [      Thread-10] e.s.EurekaServerInitializerConfiguration : Started Eureka Server
2026-05-03 00:57:58.688  INFO 81322 --- [           main] c.s.e.EurekaServerApplicationTests       : Started EurekaServerApplicationTests in 15.752 seconds (JVM running for 20.685)
]]></system-out>
  </testcase>
</testsuite>